  Application.cpp
C:\Program Files (x86)\Microsoft Visual Studio\2019\Community\VC\Tools\MSVC\14.29.30133\include\xutility(158,77): warning C4244: 'argument': conversion from 'int' to 'GLfloat', possible loss of data
C:\Program Files (x86)\Microsoft Visual Studio\2019\Community\VC\Tools\MSVC\14.29.30133\include\memory(2029): message : see reference to function template instantiation 'void std::_Construct_in_place<_Ty,int,int,int&,int,int&,float,float,float>(_Ty &,int &&,int &&,int &,int &&,int &,float &&,float &&,float &&) noexcept(false)' being compiled
          with
          [
              _Ty=Camera
          ]
C:\Program Files (x86)\Microsoft Visual Studio\2019\Community\VC\Tools\MSVC\14.29.30133\include\memory(2748): message : see reference to function template instantiation 'std::_Ref_count_obj2<_Ty>::_Ref_count_obj2<int,int,int&,int,int&,float,float,float>(int &&,int &&,int &,int &&,int &,float &&,float &&,float &&)' being compiled
          with
          [
              _Ty=Camera
          ]
C:\Program Files (x86)\Microsoft Visual Studio\2019\Community\VC\Tools\MSVC\14.29.30133\include\memory(2748): message : see reference to function template instantiation 'std::_Ref_count_obj2<_Ty>::_Ref_count_obj2<int,int,int&,int,int&,float,float,float>(int &&,int &&,int &,int &&,int &,float &&,float &&,float &&)' being compiled
          with
          [
              _Ty=Camera
          ]
C:\Users\han.glschool\Desktop\MiniGameStarter\MiniGameStarter\TrainingFramework\src\Application.cpp(20): message : see reference to function template instantiation 'std::shared_ptr<Camera> std::make_shared<Camera,int,int,int&,int,int&,float,float,float>(int &&,int &&,int &,int &&,int &,float &&,float &&,float &&)' being compiled
C:\Program Files (x86)\Microsoft Visual Studio\2019\Community\VC\Tools\MSVC\14.29.30133\include\xutility(158,77): warning C4244: 'argument': conversion from '_Ty' to 'GLfloat', possible loss of data
          with
          [
              _Ty=int
          ]
  ResourceManagers.cpp
  Font.cpp
  GameButton.cpp
  Sprite2D.cpp
  Camera.cpp
  Sprite3D.cpp
  Model.cpp
C:\Users\han.glschool\Desktop\MiniGameStarter\MiniGameStarter\TrainingFramework\src\GameObject\Model.cpp(25,18): warning C4244: 'initializing': conversion from 'std::streamoff' to 'size_t', possible loss of data
  Shader.cpp
  SpriteAnimation.cpp
C:\Users\han.glschool\Desktop\MiniGameStarter\MiniGameStarter\TrainingFramework\src\GameObject\SpriteAnimation.cpp(95,39): warning C4244: 'argument': conversion from 'GLint' to 'GLfloat', possible loss of data
C:\Users\han.glschool\Desktop\MiniGameStarter\MiniGameStarter\TrainingFramework\src\GameObject\SpriteAnimation.cpp(100,39): warning C4244: 'argument': conversion from 'GLint' to 'GLfloat', possible loss of data
C:\Users\han.glschool\Desktop\MiniGameStarter\MiniGameStarter\TrainingFramework\src\GameObject\SpriteAnimation.cpp(105,39): warning C4244: 'argument': conversion from 'GLint' to 'GLfloat', possible loss of data
C:\Users\han.glschool\Desktop\MiniGameStarter\MiniGameStarter\TrainingFramework\src\GameObject\SpriteAnimation.cpp(110,39): warning C4244: 'argument': conversion from 'GLint' to 'GLfloat', possible loss of data
C:\Users\han.glschool\Desktop\MiniGameStarter\MiniGameStarter\TrainingFramework\src\GameObject\SpriteAnimation.cpp(138,11): warning C4244: 'initializing': conversion from 'double' to 'float', possible loss of data
C:\Users\han.glschool\Desktop\MiniGameStarter\MiniGameStarter\TrainingFramework\src\GameObject\SpriteAnimation.cpp(139,11): warning C4244: 'initializing': conversion from 'double' to 'float', possible loss of data
C:\Users\han.glschool\Desktop\MiniGameStarter\MiniGameStarter\TrainingFramework\src\GameObject\SpriteAnimation.cpp(149,11): warning C4244: 'initializing': conversion from 'double' to 'float', possible loss of data
C:\Users\han.glschool\Desktop\MiniGameStarter\MiniGameStarter\TrainingFramework\src\GameObject\SpriteAnimation.cpp(150,11): warning C4244: 'initializing': conversion from 'double' to 'float', possible loss of data
  Text.cpp
  Texture.cpp
  GameStateBase.cpp
  GameStateMachine.cpp
  GSIntro.cpp
C:\Users\han.glschool\Desktop\MiniGameStarter\MiniGameStarter\TrainingFramework\src\GameStates\GSIntro.cpp(20,86): warning C4244: 'argument': conversion from 'float' to 'GLint', possible loss of data
C:\Users\han.glschool\Desktop\MiniGameStarter\MiniGameStarter\TrainingFramework\src\GameStates\GSIntro.cpp(20,52): warning C4244: 'argument': conversion from 'float' to 'GLint', possible loss of data
  GSMenu.cpp
  GSPlay.cpp
C:\Users\han.glschool\Desktop\MiniGameStarter\MiniGameStarter\TrainingFramework\src\GameStates\GSPlay.cpp(35,92): warning C4244: 'argument': conversion from 'float' to 'GLint', possible loss of data
C:\Users\han.glschool\Desktop\MiniGameStarter\MiniGameStarter\TrainingFramework\src\GameStates\GSPlay.cpp(35,58): warning C4244: 'argument': conversion from 'float' to 'GLint', possible loss of data
C:\Program Files (x86)\Microsoft Visual Studio\2019\Community\VC\Tools\MSVC\14.29.30133\include\xutility(158,77): warning C4244: 'argument': conversion from '_Ty' to 'float', possible loss of data
          with
          [
              _Ty=double
          ]
C:\Program Files (x86)\Microsoft Visual Studio\2019\Community\VC\Tools\MSVC\14.29.30133\include\memory(2029): message : see reference to function template instantiation 'void std::_Construct_in_place<_Ty,std::shared_ptr<Shader>&,std::shared_ptr<Font>&,const char(&)[10],TextColor,double>(_Ty &,std::shared_ptr<Shader> &,std::shared_ptr<Font> &,const char (&)[10],TextColor &&,double &&) noexcept(false)' being compiled
          with
          [
              _Ty=Text
          ]
C:\Program Files (x86)\Microsoft Visual Studio\2019\Community\VC\Tools\MSVC\14.29.30133\include\memory(2748): message : see reference to function template instantiation 'std::_Ref_count_obj2<_Ty>::_Ref_count_obj2<std::shared_ptr<Shader>&,std::shared_ptr<Font>&,const char(&)[10],TextColor,double>(std::shared_ptr<Shader> &,std::shared_ptr<Font> &,const char (&)[10],TextColor &&,double &&)' being compiled
          with
          [
              _Ty=Text
          ]
C:\Program Files (x86)\Microsoft Visual Studio\2019\Community\VC\Tools\MSVC\14.29.30133\include\memory(2748): message : see reference to function template instantiation 'std::_Ref_count_obj2<_Ty>::_Ref_count_obj2<std::shared_ptr<Shader>&,std::shared_ptr<Font>&,const char(&)[10],TextColor,double>(std::shared_ptr<Shader> &,std::shared_ptr<Font> &,const char (&)[10],TextColor &&,double &&)' being compiled
          with
          [
              _Ty=Text
          ]
C:\Users\han.glschool\Desktop\MiniGameStarter\MiniGameStarter\TrainingFramework\src\GameStates\GSPlay.cpp(51): message : see reference to function template instantiation 'std::shared_ptr<Text> std::make_shared<Text,std::shared_ptr<Shader>&,std::shared_ptr<Font>&,const char(&)[10],TextColor,double>(std::shared_ptr<Shader> &,std::shared_ptr<Font> &,const char (&)[10],TextColor &&,double &&)' being compiled
  TrainingFramework.cpp
  Generating Code...
Application.obj : warning LNK4075: ignoring '/EDITANDCONTINUE' due to '/SAFESEH' specification
LINK : warning LNK4098: defaultlib 'LIBCMTD' conflicts with use of other libs; use /NODEFAULTLIB:library
soloud_static_d.lib(dr_impl.obj) : warning LNK4099: PDB 'soloud_static.pdb' was not found with 'soloud_static_d.lib(dr_impl.obj)' or at 'C:\Users\han.glschool\Desktop\MiniGameStarter\MiniGameStarter\BIN-Nvidia\soloud_static.pdb'; linking object as if no debug info
soloud_static_d.lib(soloud_wav.obj) : warning LNK4099: PDB 'soloud_static.pdb' was not found with 'soloud_static_d.lib(soloud_wav.obj)' or at 'C:\Users\han.glschool\Desktop\MiniGameStarter\MiniGameStarter\BIN-Nvidia\soloud_static.pdb'; linking object as if no debug info
soloud_static_d.lib(stb_vorbis.obj) : warning LNK4099: PDB 'soloud_static.pdb' was not found with 'soloud_static_d.lib(stb_vorbis.obj)' or at 'C:\Users\han.glschool\Desktop\MiniGameStarter\MiniGameStarter\BIN-Nvidia\soloud_static.pdb'; linking object as if no debug info
soloud_static_d.lib(soloud.obj) : warning LNK4099: PDB 'soloud_static.pdb' was not found with 'soloud_static_d.lib(soloud.obj)' or at 'C:\Users\han.glschool\Desktop\MiniGameStarter\MiniGameStarter\BIN-Nvidia\soloud_static.pdb'; linking object as if no debug info
soloud_static_d.lib(soloud_audiosource.obj) : warning LNK4099: PDB 'soloud_static.pdb' was not found with 'soloud_static_d.lib(soloud_audiosource.obj)' or at 'C:\Users\han.glschool\Desktop\MiniGameStarter\MiniGameStarter\BIN-Nvidia\soloud_static.pdb'; linking object as if no debug info
soloud_static_d.lib(soloud_core_basicops.obj) : warning LNK4099: PDB 'soloud_static.pdb' was not found with 'soloud_static_d.lib(soloud_core_basicops.obj)' or at 'C:\Users\han.glschool\Desktop\MiniGameStarter\MiniGameStarter\BIN-Nvidia\soloud_static.pdb'; linking object as if no debug info
soloud_static_d.lib(soloud_core_getters.obj) : warning LNK4099: PDB 'soloud_static.pdb' was not found with 'soloud_static_d.lib(soloud_core_getters.obj)' or at 'C:\Users\han.glschool\Desktop\MiniGameStarter\MiniGameStarter\BIN-Nvidia\soloud_static.pdb'; linking object as if no debug info
soloud_static_d.lib(soloud_core_setters.obj) : warning LNK4099: PDB 'soloud_static.pdb' was not found with 'soloud_static_d.lib(soloud_core_setters.obj)' or at 'C:\Users\han.glschool\Desktop\MiniGameStarter\MiniGameStarter\BIN-Nvidia\soloud_static.pdb'; linking object as if no debug info
soloud_static_d.lib(soloud_core_voicegroup.obj) : warning LNK4099: PDB 'soloud_static.pdb' was not found with 'soloud_static_d.lib(soloud_core_voicegroup.obj)' or at 'C:\Users\han.glschool\Desktop\MiniGameStarter\MiniGameStarter\BIN-Nvidia\soloud_static.pdb'; linking object as if no debug info
soloud_static_d.lib(soloud_core_voiceops.obj) : warning LNK4099: PDB 'soloud_static.pdb' was not found with 'soloud_static_d.lib(soloud_core_voiceops.obj)' or at 'C:\Users\han.glschool\Desktop\MiniGameStarter\MiniGameStarter\BIN-Nvidia\soloud_static.pdb'; linking object as if no debug info
soloud_static_d.lib(soloud_fader.obj) : warning LNK4099: PDB 'soloud_static.pdb' was not found with 'soloud_static_d.lib(soloud_fader.obj)' or at 'C:\Users\han.glschool\Desktop\MiniGameStarter\MiniGameStarter\BIN-Nvidia\soloud_static.pdb'; linking object as if no debug info
soloud_static_d.lib(soloud_fft.obj) : warning LNK4099: PDB 'soloud_static.pdb' was not found with 'soloud_static_d.lib(soloud_fft.obj)' or at 'C:\Users\han.glschool\Desktop\MiniGameStarter\MiniGameStarter\BIN-Nvidia\soloud_static.pdb'; linking object as if no debug info
soloud_static_d.lib(soloud_file.obj) : warning LNK4099: PDB 'soloud_static.pdb' was not found with 'soloud_static_d.lib(soloud_file.obj)' or at 'C:\Users\han.glschool\Desktop\MiniGameStarter\MiniGameStarter\BIN-Nvidia\soloud_static.pdb'; linking object as if no debug info
soloud_static_d.lib(soloud_thread.obj) : warning LNK4099: PDB 'soloud_static.pdb' was not found with 'soloud_static_d.lib(soloud_thread.obj)' or at 'C:\Users\han.glschool\Desktop\MiniGameStarter\MiniGameStarter\BIN-Nvidia\soloud_static.pdb'; linking object as if no debug info
soloud_static_d.lib(soloud_winmm.obj) : warning LNK4099: PDB 'soloud_static.pdb' was not found with 'soloud_static_d.lib(soloud_winmm.obj)' or at 'C:\Users\han.glschool\Desktop\MiniGameStarter\MiniGameStarter\BIN-Nvidia\soloud_static.pdb'; linking object as if no debug info
soloud_static_d.lib(soloud_null.obj) : warning LNK4099: PDB 'soloud_static.pdb' was not found with 'soloud_static_d.lib(soloud_null.obj)' or at 'C:\Users\han.glschool\Desktop\MiniGameStarter\MiniGameStarter\BIN-Nvidia\soloud_static.pdb'; linking object as if no debug info
  TrainingFramework.vcxproj -> C:\Users\han.glschool\Desktop\MiniGameStarter\MiniGameStarter\BIN-Nvidia\TrainingFramework.exe
